<?xml version="1.0" encoding="UTF-8"?>
<!-- Generated by org.testng.reporters.JUnitReportReporter -->
<testsuite hostname="Rajas-MacBook-Air.local" failures="0" tests="4" name="com.booker.tests.BookingTests" time="2.087" errors="0" timestamp="2025-10-21T17:28:06 BST" skipped="0">
  <testcase classname="com.booker.tests.BookingTests" name="getAllBookingIds" time="0.605"/>
  <testcase classname="com.booker.tests.BookingTests" name="deleteBooking" time="0.470"/>
  <testcase classname="com.booker.tests.BookingTests" name="createBooking" time="0.532"/>
  <testcase classname="com.booker.tests.BookingTests" name="updateBooking" time="0.480"/>
</testsuite> <!-- com.booker.tests.BookingTests -->
