<?xml version="1.0" encoding="UTF-8"?>
<!-- Generated by org.testng.reporters.JUnitReportReporter -->
<testsuite hostname="Rajas-MacBook-Air.local" failures="0" tests="1" name="com.booker.tests.AuthTests" time="1.155" errors="0" timestamp="2025-09-26T15:54:33 BST" skipped="0">
  <testcase classname="com.booker.tests.AuthTests" name="getAuthToken" time="1.155"/>
</testsuite> <!-- com.booker.tests.AuthTests -->
