<?xml version="1.0" encoding="UTF-8"?>
<!-- Generated by org.testng.reporters.JUnitReportReporter -->
<testsuite hostname="Rajas-MacBook-Air.local" failures="0" tests="4" name="com.booker.tests.BookingTests" time="2.121" errors="0" timestamp="2025-10-21T17:48:28 BST" skipped="0">
  <testcase classname="com.booker.tests.BookingTests" name="updateBooking" time="0.491"/>
  <testcase classname="com.booker.tests.BookingTests" name="getAllBookingIds" time="0.611"/>
  <testcase classname="com.booker.tests.BookingTests" name="deleteBooking" time="0.481"/>
  <testcase classname="com.booker.tests.BookingTests" name="createBooking" time="0.538"/>
</testsuite> <!-- com.booker.tests.BookingTests -->
